17:20:02.767 [main] INFO  - Goto my account-->Click on Login.. 
17:20:03.338 [main] INFO  - Entering email and password.. 
17:20:04.004 [main] INFO  - clicked on login button...
11:22:14.766 [main] DEBUG - Parsing relationship: /xl/_rels/workbook.xml.rels
11:22:14.771 [main] DEBUG - Parsing relationship: /xl/worksheets/_rels/sheet1.xml.rels
11:22:14.775 [main] DEBUG - Parsing relationship: /_rels/.rels
11:22:14.883 [main] TRACE - Loading type system org.apache.poi.schemas.ooxml.system.ooxml
11:22:14.885 [main] TRACE - Loading type system org.apache.xmlbeans.metadata.system.sXMLCONFIG
11:22:14.886 [main] TRACE - Loading type system org.apache.xmlbeans.metadata.system.sXMLLANG
11:22:14.887 [main] TRACE - Loading type system org.apache.xmlbeans.metadata.system.sXMLSCHEMA
11:22:14.887 [main] TRACE - Loading type system org.apache.xmlbeans.metadata.system.sXMLTOOLS
11:22:14.887 [main] TRACE - Reading unresolved handles for type system org.apache.xmlbeans.metadata.system.sXMLTOOLS
11:22:14.903 [main] TRACE - Finished loading type system org.apache.xmlbeans.metadata.system.sXMLTOOLS
11:22:14.903 [main] TRACE - Reading unresolved handles for type system org.apache.xmlbeans.metadata.system.sXMLSCHEMA
11:22:14.913 [main] TRACE - Finished loading type system org.apache.xmlbeans.metadata.system.sXMLSCHEMA
11:22:14.914 [main] TRACE - Reading unresolved handles for type system org.apache.xmlbeans.metadata.system.sXMLLANG
11:22:14.915 [main] TRACE - Finished loading type system org.apache.xmlbeans.metadata.system.sXMLLANG
11:22:14.916 [main] TRACE - Reading unresolved handles for type system org.apache.xmlbeans.metadata.system.sXMLCONFIG
11:22:14.919 [main] TRACE - Finished loading type system org.apache.xmlbeans.metadata.system.sXMLCONFIG
11:22:14.919 [main] TRACE - Reading unresolved handles for type system org.apache.poi.schemas.ooxml.system.ooxml
11:22:14.977 [main] TRACE - Finished loading type system org.apache.poi.schemas.ooxml.system.ooxml
11:22:14.980 [main] TRACE - Resolving type for handle themefd26doctype
11:22:15.029 [main] TRACE - Resolving type for handle stylesheet5d8bdoctype
11:22:15.052 [main] TRACE - Resolving type for handle ctstylesheet4257type
11:22:15.056 [main] TRACE - Resolving type for handle ctfonts6623type
11:22:15.058 [main] TRACE - Resolving type for handle ctfont14d8type
11:22:15.061 [main] TRACE - Resolving type for handle ctfills2c6ftype
11:22:15.063 [main] TRACE - Resolving type for handle ctfill550ctype
11:22:15.068 [main] TRACE - Resolving type for handle ctborders0d66type
11:22:15.070 [main] TRACE - Resolving type for handle ctborderf935type
11:22:15.072 [main] TRACE - Resolving type for handle ctcellxfs1322type
11:22:15.073 [main] TRACE - Resolving type for handle ctxf97f7type
11:22:15.074 [main] TRACE - Resolving type for handle ctcellstylexfsa81ftype
11:22:15.076 [main] TRACE - Resolving type for handle ctdxfsb26atype
11:22:15.077 [main] TRACE - Resolving type for handle cttablestyles872ftype
11:22:15.079 [main] TRACE - Resolving type for handle sstf81fdoctype
11:22:15.094 [main] TRACE - Resolving type for handle ctsst44f3type
11:22:15.099 [main] TRACE - Resolving type for handle ctrsta472type
11:22:15.113 [main] DEBUG - using default POIXMLDocumentPart for http://schemas.openxmlformats.org/officeDocument/2006/relationships/printerSettings
11:22:15.113 [main] TRACE - Resolving type for handle workbookec17doctype
11:22:15.128 [main] TRACE - Resolving type for handle ctworkbook83c3type
11:22:15.133 [main] TRACE - Resolving type for handle ctsheets49fdtype
11:22:15.134 [main] TRACE - Resolving type for handle ctsheet4dbetype
11:22:15.135 [main] TRACE - Resolving type for handle strelationshipid1e94type
11:22:15.137 [main] TRACE - Resolving type for handle worksheetf539doctype
11:22:15.155 [main] TRACE - Resolving type for handle ctworksheet530dtype
11:22:15.158 [main] TRACE - Resolving type for handle ctsheetdata8408type
11:22:15.160 [main] TRACE - Resolving type for handle ctrowdd39type
11:22:15.164 [main] TRACE - Resolving type for handle ctcell842btype
11:22:15.167 [main] TRACE - Resolving type for handle stcellrefe4e0type
11:22:15.172 [main] TRACE - Resolving type for handle ctcols627ctype
11:22:15.178 [main] TRACE - Resolving type for handle ctcola95ftype
11:22:15.204 [main] TRACE - Resolving type for handle cthyperlinks6416type
11:22:15.205 [main] TRACE - Resolving type for handle cthyperlink0c85type
11:22:15.211 [main] TRACE - Resolving type for handle stxstringf179type
11:22:15.212 [main] TRACE - Resolving type for handle stcelltypebf95type
11:23:34.489 [main] DEBUG - Parsing relationship: /xl/_rels/workbook.xml.rels
11:23:34.495 [main] DEBUG - Parsing relationship: /xl/worksheets/_rels/sheet1.xml.rels
11:23:34.498 [main] DEBUG - Parsing relationship: /_rels/.rels
11:23:34.600 [main] TRACE - Loading type system org.apache.poi.schemas.ooxml.system.ooxml
11:23:34.602 [main] TRACE - Loading type system org.apache.xmlbeans.metadata.system.sXMLCONFIG
11:23:34.603 [main] TRACE - Loading type system org.apache.xmlbeans.metadata.system.sXMLLANG
11:23:34.603 [main] TRACE - Loading type system org.apache.xmlbeans.metadata.system.sXMLSCHEMA
11:23:34.604 [main] TRACE - Loading type system org.apache.xmlbeans.metadata.system.sXMLTOOLS
11:23:34.604 [main] TRACE - Reading unresolved handles for type system org.apache.xmlbeans.metadata.system.sXMLTOOLS
11:23:34.615 [main] TRACE - Finished loading type system org.apache.xmlbeans.metadata.system.sXMLTOOLS
11:23:34.616 [main] TRACE - Reading unresolved handles for type system org.apache.xmlbeans.metadata.system.sXMLSCHEMA
11:23:34.624 [main] TRACE - Finished loading type system org.apache.xmlbeans.metadata.system.sXMLSCHEMA
11:23:34.624 [main] TRACE - Reading unresolved handles for type system org.apache.xmlbeans.metadata.system.sXMLLANG
11:23:34.626 [main] TRACE - Finished loading type system org.apache.xmlbeans.metadata.system.sXMLLANG
11:23:34.626 [main] TRACE - Reading unresolved handles for type system org.apache.xmlbeans.metadata.system.sXMLCONFIG
11:23:34.628 [main] TRACE - Finished loading type system org.apache.xmlbeans.metadata.system.sXMLCONFIG
11:23:34.629 [main] TRACE - Reading unresolved handles for type system org.apache.poi.schemas.ooxml.system.ooxml
11:23:34.710 [main] TRACE - Finished loading type system org.apache.poi.schemas.ooxml.system.ooxml
11:23:34.711 [main] TRACE - Resolving type for handle themefd26doctype
11:23:34.758 [main] TRACE - Resolving type for handle stylesheet5d8bdoctype
11:23:34.779 [main] TRACE - Resolving type for handle ctstylesheet4257type
11:23:34.781 [main] TRACE - Resolving type for handle ctfonts6623type
11:23:34.784 [main] TRACE - Resolving type for handle ctfont14d8type
11:23:34.788 [main] TRACE - Resolving type for handle ctfills2c6ftype
11:23:34.790 [main] TRACE - Resolving type for handle ctfill550ctype
11:23:34.791 [main] TRACE - Resolving type for handle ctborders0d66type
11:23:34.792 [main] TRACE - Resolving type for handle ctborderf935type
11:23:34.795 [main] TRACE - Resolving type for handle ctcellxfs1322type
11:23:34.796 [main] TRACE - Resolving type for handle ctxf97f7type
11:23:34.797 [main] TRACE - Resolving type for handle ctcellstylexfsa81ftype
11:23:34.800 [main] TRACE - Resolving type for handle ctdxfsb26atype
11:23:34.801 [main] TRACE - Resolving type for handle cttablestyles872ftype
11:23:34.803 [main] TRACE - Resolving type for handle sstf81fdoctype
11:23:34.821 [main] TRACE - Resolving type for handle ctsst44f3type
11:23:34.824 [main] TRACE - Resolving type for handle ctrsta472type
11:23:34.836 [main] DEBUG - using default POIXMLDocumentPart for http://schemas.openxmlformats.org/officeDocument/2006/relationships/printerSettings
11:23:34.836 [main] TRACE - Resolving type for handle workbookec17doctype
11:23:34.849 [main] TRACE - Resolving type for handle ctworkbook83c3type
11:23:34.853 [main] TRACE - Resolving type for handle ctsheets49fdtype
11:23:34.855 [main] TRACE - Resolving type for handle ctsheet4dbetype
11:23:34.856 [main] TRACE - Resolving type for handle strelationshipid1e94type
11:23:34.857 [main] TRACE - Resolving type for handle worksheetf539doctype
11:23:34.876 [main] TRACE - Resolving type for handle ctworksheet530dtype
11:23:34.879 [main] TRACE - Resolving type for handle ctsheetdata8408type
11:23:34.881 [main] TRACE - Resolving type for handle ctrowdd39type
11:23:34.886 [main] TRACE - Resolving type for handle ctcell842btype
11:23:34.895 [main] TRACE - Resolving type for handle stcellrefe4e0type
11:23:34.904 [main] TRACE - Resolving type for handle ctcols627ctype
11:23:34.908 [main] TRACE - Resolving type for handle ctcola95ftype
11:23:34.931 [main] TRACE - Resolving type for handle cthyperlinks6416type
11:23:34.932 [main] TRACE - Resolving type for handle cthyperlink0c85type
11:23:34.937 [main] TRACE - Resolving type for handle stxstringf179type
11:23:34.939 [main] TRACE - Resolving type for handle stcelltypebf95type
11:23:43.346 [main] DEBUG - Parsing relationship: /xl/_rels/workbook.xml.rels
11:23:43.348 [main] DEBUG - Parsing relationship: /xl/worksheets/_rels/sheet1.xml.rels
11:23:43.349 [main] DEBUG - Parsing relationship: /_rels/.rels
11:23:43.384 [main] DEBUG - using default POIXMLDocumentPart for http://schemas.openxmlformats.org/officeDocument/2006/relationships/printerSettings
11:24:00.936 [main] DEBUG - Parsing relationship: /xl/_rels/workbook.xml.rels
11:24:00.938 [main] DEBUG - Parsing relationship: /xl/worksheets/_rels/sheet1.xml.rels
11:24:00.940 [main] DEBUG - Parsing relationship: /_rels/.rels
11:24:00.962 [main] DEBUG - using default POIXMLDocumentPart for http://schemas.openxmlformats.org/officeDocument/2006/relationships/printerSettings
